<?xml version="1.0" encoding="UTF-8"?>
<Site BuildName="Win32-ninja"
	BuildStamp="20230913-1137-Experimental"
	Name="DESKTOP-82M4JNE"
	Generator="ctest-3.26.1"
	CompilerName="C:/msys64/mingw64/bin/g++.exe"
	CompilerVersion="12.2.0"
	OSName="Windows"
	Hostname="DESKTOP-82M4JNE"
	OSRelease=" Personal"
	OSVersion=" (Build 19045)"
	OSPlatform="AMD64"
	Is64Bits="1"
	VendorString="GenuineIntel"
	VendorID="Intel Corporation"
	FamilyID="6"
	ModelID="5"
	ProcessorCacheSize="-1"
	NumberOfLogicalCPU="12"
	NumberOfPhysicalCPU="6"
	TotalVirtualMemory="28068"
	TotalPhysicalMemory="16292"
	LogicalProcessorsPerPhysical="2"
	ProcessorClockFrequency="2592"
	>
	<Testing>
		<StartDateTime>Sep 13 14:37 Turkey Standard Time</StartDateTime>
		<StartTestTime>1694605025</StartTestTime>
		<TestList/>
		<EndDateTime>Sep 13 14:37 Turkey Standard Time</EndDateTime>
		<EndTestTime>1694605025</EndTestTime>
		<ElapsedMinutes>0</ElapsedMinutes>
	</Testing>
</Site>
